<?xml version="1.0" encoding="UTF-8"?>
<testsuite name="com.kjunias.AppTest" tests="1" failures="0" errors="0" timestamp="2014-04-01T14:44:29" hostname="mint" time="0.001">
  <properties/>
  <testcase name="testApp" classname="com.kjunias.AppTest" time="0.001"/>
  <system-out><![CDATA[]]></system-out>
  <system-err><![CDATA[]]></system-err>
</testsuite>
